python3 src/create_folders.py configs/dev.yml
python3 src/generate_categories.py configs/dev.yml
Saved category data arrays to outputs/dev/datasets/1.npz.
Saved category data arrays to outputs/dev/datasets/2.npz.
Saved category data arrays to outputs/dev/datasets/3.npz.
Saved category data arrays to outputs/dev/datasets/4.npz.
Saved category data arrays to outputs/dev/datasets/5.npz.
Saved category data arrays to outputs/dev/datasets/6.npz.
Saved category data arrays to outputs/dev/datasets/7.npz.
Saved category data arrays to outputs/dev/datasets/8.npz.
Saved category data arrays to outputs/dev/datasets/9.npz.
Saved category data arrays to outputs/dev/datasets/10.npz.
Saved category data arrays to outputs/dev/datasets/11.npz.
Saved category data arrays to outputs/dev/datasets/12.npz.
python3 src/sample_train.py configs/dev.yml
Using cpu device
Training one learner on all categories for sample loss trajectories.
python3 src/main_experiment.py configs/dev.yml
Using cpu device
Training 14 learners on Category 1.
Training 14 learners on Category 2.
Training 14 learners on Category 3.
Training 14 learners on Category 4.
Training 14 learners on Category 5.
Training 14 learners on Category 6.
Training 14 learners on Category 7.
Training 14 learners on Category 8.
Training 14 learners on Category 9.
Training 14 learners on Category 10.
Training 14 learners on Category 11.
Training 14 learners on Category 12.
Saved learning results arrays to outputs/dev/learning_results.npz.
python3 src/analyze.py configs/dev.yml
